2021-01-05 14:36:34.748 - INFO - 30047 - azureml.train.automl.automlconfig._start_execution:152 - No compute target or run config provided. Running local legacy run.
2021-01-05 14:36:34.749 - INFO - 30047 - azureml.train.automl.automlconfig._start_execution:195 - Submitting local legacy run.
2021-01-05 14:36:34.751 - INFO - 30047 - azureml.automl.core.package_utilities._log_activity:54 - ActivityStarted: PackagesCheck
2021-01-05 14:36:34.762 - INFO - 30047 - azureml.automl.core.package_utilities._has_versionconflict_or_not_installed:278 - Package: azureml-pipeline-core, Version: 1.19.0 found.
2021-01-05 14:36:34.762 - INFO - 30047 - azureml.automl.core.package_utilities._has_versionconflict_or_not_installed:278 - Package: azureml-train-automl-client, Version: 1.19.0 found.
2021-01-05 14:36:34.763 - INFO - 30047 - azureml.automl.core.package_utilities._has_versionconflict_or_not_installed:278 - Package: azureml-train-core, Version: 1.19.0 found.
2021-01-05 14:36:34.763 - INFO - 30047 - azureml.automl.core.package_utilities._has_versionconflict_or_not_installed:278 - Package: azure-common, Version: 1.1.26 found.
2021-01-05 14:36:34.764 - INFO - 30047 - azureml.automl.core.package_utilities._has_versionconflict_or_not_installed:278 - Package: azure-mgmt-authorization, Version: 0.61.0 found.
2021-01-05 14:36:34.764 - INFO - 30047 - azureml.automl.core.package_utilities._has_versionconflict_or_not_installed:278 - Package: ndg-httpsclient, Version: 0.5.1 found.
2021-01-05 14:36:34.764 - INFO - 30047 - azureml.automl.core.package_utilities._has_versionconflict_or_not_installed:278 - Package: pathspec, Version: 0.8.1 found.
2021-01-05 14:36:34.765 - INFO - 30047 - azureml.automl.core.package_utilities._has_versionconflict_or_not_installed:278 - Package: azure-mgmt-keyvault, Version: 2.2.0 found.
2021-01-05 14:36:34.765 - INFO - 30047 - azureml.automl.core.package_utilities._has_versionconflict_or_not_installed:278 - Package: pyjwt, Version: 1.7.1 found.
2021-01-05 14:36:34.766 - INFO - 30047 - azureml.automl.core.package_utilities._has_versionconflict_or_not_installed:278 - Package: adal, Version: 1.2.5 found.
2021-01-05 14:36:34.766 - INFO - 30047 - azureml.automl.core.package_utilities._has_versionconflict_or_not_installed:278 - Package: requests, Version: 2.25.0 found.
2021-01-05 14:36:34.766 - WARNING - 30047 - azureml.automl.core.package_utilities._has_versionconflict_or_not_installed:284 - Package: pyopenssl, Version: 20.0.0 found.
2021-01-05 14:36:34.766 - INFO - 30047 - azureml.automl.core.package_utilities._has_versionconflict_or_not_installed:278 - Package: pytz, Version: 2020.4 found.
2021-01-05 14:36:34.767 - INFO - 30047 - azureml.automl.core.package_utilities._has_versionconflict_or_not_installed:278 - Package: msrestazure, Version: 0.6.4 found.
2021-01-05 14:36:34.767 - INFO - 30047 - azureml.automl.core.package_utilities._has_versionconflict_or_not_installed:278 - Package: secretstorage, Version: 3.3.0 found.
2021-01-05 14:36:34.767 - INFO - 30047 - azureml.automl.core.package_utilities._has_versionconflict_or_not_installed:278 - Package: azure-mgmt-containerregistry, Version: 2.8.0 found.
2021-01-05 14:36:34.768 - INFO - 30047 - azureml.automl.core.package_utilities._has_versionconflict_or_not_installed:278 - Package: cryptography, Version: 3.2.1 found.
2021-01-05 14:36:34.769 - INFO - 30047 - azureml.automl.core.package_utilities._has_versionconflict_or_not_installed:278 - Package: ruamel.yaml, Version: 0.16.12 found.
2021-01-05 14:36:34.769 - INFO - 30047 - azureml.automl.core.package_utilities._has_versionconflict_or_not_installed:278 - Package: jsonpickle, Version: 1.4.2 found.
2021-01-05 14:36:34.770 - INFO - 30047 - azureml.automl.core.package_utilities._has_versionconflict_or_not_installed:278 - Package: azure-mgmt-resource, Version: 10.3.0 found.
2021-01-05 14:36:34.770 - INFO - 30047 - azureml.automl.core.package_utilities._has_versionconflict_or_not_installed:278 - Package: azure-mgmt-storage, Version: 11.2.0 found.
2021-01-05 14:36:34.771 - INFO - 30047 - azureml.automl.core.package_utilities._has_versionconflict_or_not_installed:278 - Package: backports.tempfile, Version: 1.0 found.
2021-01-05 14:36:34.771 - INFO - 30047 - azureml.automl.core.package_utilities._has_versionconflict_or_not_installed:278 - Package: azure-graphrbac, Version: 0.61.1 found.
2021-01-05 14:36:34.771 - INFO - 30047 - azureml.automl.core.package_utilities._has_versionconflict_or_not_installed:278 - Package: docker, Version: 4.4.0 found.
2021-01-05 14:36:34.772 - INFO - 30047 - azureml.automl.core.package_utilities._has_versionconflict_or_not_installed:278 - Package: jmespath, Version: 0.10.0 found.
2021-01-05 14:36:34.772 - INFO - 30047 - azureml.automl.core.package_utilities._has_versionconflict_or_not_installed:278 - Package: contextlib2, Version: 0.6.0.post1 found.
2021-01-05 14:36:34.772 - INFO - 30047 - azureml.automl.core.package_utilities._has_versionconflict_or_not_installed:278 - Package: urllib3, Version: 1.25.11 found.
2021-01-05 14:36:34.772 - INFO - 30047 - azureml.automl.core.package_utilities._has_versionconflict_or_not_installed:278 - Package: msrest, Version: 0.6.19 found.
2021-01-05 14:36:34.772 - INFO - 30047 - azureml.automl.core.package_utilities._has_versionconflict_or_not_installed:278 - Package: python-dateutil, Version: 2.8.1 found.
2021-01-05 14:36:34.772 - INFO - 30047 - azureml.automl.core.package_utilities._has_versionconflict_or_not_installed:278 - Package: azureml-telemetry, Version: 1.19.0 found.
2021-01-05 14:36:34.772 - INFO - 30047 - azureml.automl.core.package_utilities._has_versionconflict_or_not_installed:278 - Package: azureml-core, Version: 1.19.0 found.
2021-01-05 14:36:34.773 - INFO - 30047 - azureml.automl.core.package_utilities._has_versionconflict_or_not_installed:278 - Package: azureml-automl-core, Version: 1.19.0 found.
2021-01-05 14:36:34.773 - INFO - 30047 - azureml.automl.core.package_utilities._has_versionconflict_or_not_installed:278 - Package: azureml-dataset-runtime, Version: 1.19.0 found.
2021-01-05 14:36:34.786 - INFO - 30047 - azureml.automl.core.package_utilities._has_versionconflict_or_not_installed:278 - Package: botocore, Version: 1.18.18 found.
2021-01-05 14:36:34.786 - INFO - 30047 - azureml.automl.core.package_utilities._has_versionconflict_or_not_installed:278 - Package: pandas, Version: 0.25.3 found.
2021-01-05 14:36:34.786 - INFO - 30047 - azureml.automl.core.package_utilities._has_versionconflict_or_not_installed:278 - Package: scipy, Version: 1.5.2 found.
2021-01-05 14:36:34.786 - INFO - 30047 - azureml.automl.core.package_utilities._has_versionconflict_or_not_installed:278 - Package: smart-open, Version: 1.9.0 found.
2021-01-05 14:36:34.787 - INFO - 30047 - azureml.automl.core.package_utilities._has_versionconflict_or_not_installed:278 - Package: joblib, Version: 0.14.1 found.
2021-01-05 14:36:34.787 - INFO - 30047 - azureml.automl.core.package_utilities._has_versionconflict_or_not_installed:278 - Package: nimbusml, Version: 1.8.0 found.
2021-01-05 14:36:34.787 - INFO - 30047 - azureml.automl.core.package_utilities._has_versionconflict_or_not_installed:278 - Package: dill, Version: 0.3.3 found.
2021-01-05 14:36:34.787 - INFO - 30047 - azureml.automl.core.package_utilities._has_versionconflict_or_not_installed:278 - Package: onnxconverter-common, Version: 1.6.0 found.
2021-01-05 14:36:34.787 - INFO - 30047 - azureml.automl.core.package_utilities._has_versionconflict_or_not_installed:278 - Package: lightgbm, Version: 2.3.0 found.
2021-01-05 14:36:34.787 - INFO - 30047 - azureml.automl.core.package_utilities._has_versionconflict_or_not_installed:278 - Package: onnx, Version: 1.7.0 found.
2021-01-05 14:36:34.787 - INFO - 30047 - azureml.automl.core.package_utilities._has_versionconflict_or_not_installed:278 - Package: gensim, Version: 3.8.3 found.
2021-01-05 14:36:34.787 - INFO - 30047 - azureml.automl.core.package_utilities._has_versionconflict_or_not_installed:278 - Package: onnxruntime, Version: 1.3.0 found.
2021-01-05 14:36:34.788 - INFO - 30047 - azureml.automl.core.package_utilities._has_versionconflict_or_not_installed:278 - Package: skl2onnx, Version: 1.4.9 found.
2021-01-05 14:36:34.788 - INFO - 30047 - azureml.automl.core.package_utilities._has_versionconflict_or_not_installed:278 - Package: onnxmltools, Version: 1.4.1 found.
2021-01-05 14:36:34.788 - INFO - 30047 - azureml.automl.core.package_utilities._has_versionconflict_or_not_installed:278 - Package: scikit-learn, Version: 0.22.2.post1 found.
2021-01-05 14:36:34.788 - INFO - 30047 - azureml.automl.core.package_utilities._has_versionconflict_or_not_installed:278 - Package: boto3, Version: 1.15.18 found.
2021-01-05 14:36:34.788 - INFO - 30047 - azureml.automl.core.package_utilities._has_versionconflict_or_not_installed:278 - Package: pmdarima, Version: 1.1.1 found.
2021-01-05 14:36:34.788 - INFO - 30047 - azureml.automl.core.package_utilities._has_versionconflict_or_not_installed:278 - Package: py-cpuinfo, Version: 5.0.0 found.
2021-01-05 14:36:34.788 - INFO - 30047 - azureml.automl.core.package_utilities._has_versionconflict_or_not_installed:278 - Package: numpy, Version: 1.18.5 found.
2021-01-05 14:36:34.788 - INFO - 30047 - azureml.automl.core.package_utilities._has_versionconflict_or_not_installed:278 - Package: azureml-dataset-runtime, Version: 1.19.0 found.
2021-01-05 14:36:34.789 - INFO - 30047 - azureml.automl.core.package_utilities._has_versionconflict_or_not_installed:278 - Package: statsmodels, Version: 0.10.2 found.
2021-01-05 14:36:34.789 - INFO - 30047 - azureml.automl.core.package_utilities._has_versionconflict_or_not_installed:278 - Package: sklearn-pandas, Version: 1.7.0 found.
2021-01-05 14:36:34.789 - INFO - 30047 - azureml.automl.core.package_utilities._has_versionconflict_or_not_installed:278 - Package: psutil, Version: 5.7.3 found.
2021-01-05 14:36:34.789 - INFO - 30047 - azureml.automl.core.package_utilities._has_versionconflict_or_not_installed:278 - Package: keras2onnx, Version: 1.6.0 found.
2021-01-05 14:36:34.789 - INFO - 30047 - azureml.automl.core.package_utilities._has_versionconflict_or_not_installed:278 - Package: azureml-automl-core, Version: 1.19.0 found.
2021-01-05 14:36:34.789 - INFO - 30047 - azureml.automl.core.package_utilities._has_versionconflict_or_not_installed:278 - Package: azureml-core, Version: 1.19.0 found.
2021-01-05 14:36:34.792 - INFO - 30047 - azureml.automl.core.package_utilities._has_versionconflict_or_not_installed:278 - Package: azureml-telemetry, Version: 1.19.0 found.
2021-01-05 14:36:34.792 - INFO - 30047 - azureml.automl.core.package_utilities._has_versionconflict_or_not_installed:278 - Package: ipywidgets, Version: 7.5.1 found.
2021-01-05 14:36:34.793 - INFO - 30047 - azureml.automl.core.package_utilities._has_versionconflict_or_not_installed:278 - Package: azureml-core, Version: 1.19.0 found.
2021-01-05 14:36:34.793 - INFO - 30047 - azureml.automl.core.package_utilities._has_versionconflict_or_not_installed:278 - Package: msrest, Version: 0.6.19 found.
2021-01-05 14:36:34.793 - INFO - 30047 - azureml.automl.core.package_utilities._has_versionconflict_or_not_installed:278 - Package: requests, Version: 2.25.0 found.
2021-01-05 14:36:34.793 - INFO - 30047 - azureml.automl.core.package_utilities._has_versionconflict_or_not_installed:278 - Package: msrestazure, Version: 0.6.4 found.
2021-01-05 14:36:34.793 - INFO - 30047 - azureml.automl.core.package_utilities._has_versionconflict_or_not_installed:278 - Package: azureml-core, Version: 1.19.0 found.
2021-01-05 14:36:34.793 - INFO - 30047 - azureml.automl.core.package_utilities._has_versionconflict_or_not_installed:278 - Package: applicationinsights, Version: 0.11.9 found.
2021-01-05 14:36:34.797 - INFO - 30047 - azureml.automl.core.package_utilities._has_versionconflict_or_not_installed:278 - Package: interpret-community, Version: 0.15.4 found.
2021-01-05 14:36:34.797 - INFO - 30047 - azureml.automl.core.package_utilities._has_versionconflict_or_not_installed:278 - Package: azure-identity, Version: 1.4.1 found.
2021-01-05 14:36:34.798 - INFO - 30047 - azureml.automl.core.package_utilities._has_versionconflict_or_not_installed:278 - Package: cloudpickle, Version: 1.6.0 found.
2021-01-05 14:36:34.798 - INFO - 30047 - azureml.automl.core.package_utilities._has_versionconflict_or_not_installed:278 - Package: azureml-dataprep-rslex, Version: 1.4.0 found.
2021-01-05 14:36:34.798 - INFO - 30047 - azureml.automl.core.package_utilities._has_versionconflict_or_not_installed:278 - Package: azureml-dataprep-native, Version: 26.0.0 found.
2021-01-05 14:36:34.798 - INFO - 30047 - azureml.automl.core.package_utilities._has_versionconflict_or_not_installed:278 - Package: dotnetcore2, Version: 2.1.19 found.
2021-01-05 14:36:34.808 - INFO - 30047 - azureml.automl.core.package_utilities._has_versionconflict_or_not_installed:278 - Package: applicationinsights, Version: 0.11.9 found.
2021-01-05 14:36:34.808 - INFO - 30047 - azureml.automl.core.package_utilities._has_versionconflict_or_not_installed:278 - Package: configparser, Version: 3.7.4 found.
2021-01-05 14:36:34.808 - INFO - 30047 - azureml.automl.core.package_utilities._has_versionconflict_or_not_installed:278 - Package: json-logging-py, Version: 0.2 found.
2021-01-05 14:36:34.808 - INFO - 30047 - azureml.automl.core.package_utilities._has_versionconflict_or_not_installed:278 - Package: azureml-dataset-runtime, Version: 1.19.0 found.
2021-01-05 14:36:34.808 - INFO - 30047 - azureml.automl.core.package_utilities._has_versionconflict_or_not_installed:278 - Package: azureml-model-management-sdk, Version: 1.0.1b6.post1 found.
2021-01-05 14:36:34.808 - INFO - 30047 - azureml.automl.core.package_utilities._has_versionconflict_or_not_installed:278 - Package: azureml-core, Version: 1.19.0 found.
2021-01-05 14:36:34.809 - INFO - 30047 - azureml.automl.core.package_utilities._has_versionconflict_or_not_installed:278 - Package: gunicorn, Version: 19.9.0 found.
2021-01-05 14:36:34.809 - INFO - 30047 - azureml.automl.core.package_utilities._has_versionconflict_or_not_installed:278 - Package: flask, Version: 1.0.3 found.
2021-01-05 14:36:34.809 - INFO - 30047 - azureml.automl.core.package_utilities._has_versionconflict_or_not_installed:278 - Package: werkzeug, Version: 1.0.1 found.
2021-01-05 14:36:34.809 - INFO - 30047 - azureml.automl.core.package_utilities._has_versionconflict_or_not_installed:278 - Package: azureml-telemetry, Version: 1.19.0 found.
2021-01-05 14:36:34.809 - INFO - 30047 - azureml.automl.core.package_utilities._has_versionconflict_or_not_installed:278 - Package: azureml-dataset-runtime, Version: 1.19.0 found.
2021-01-05 14:36:34.809 - INFO - 30047 - azureml.automl.core.package_utilities._has_versionconflict_or_not_installed:278 - Package: azureml-telemetry, Version: 1.19.0 found.
2021-01-05 14:36:34.809 - INFO - 30047 - azureml.automl.core.package_utilities._has_versionconflict_or_not_installed:278 - Package: azureml-core, Version: 1.19.0 found.
2021-01-05 14:36:34.810 - INFO - 30047 - azureml.automl.core.package_utilities._has_versionconflict_or_not_installed:278 - Package: azureml-train-restclients-hyperdrive, Version: 1.19.0 found.
2021-01-05 14:36:34.831 - INFO - 30047 - azureml.automl.core.package_utilities._has_versionconflict_or_not_installed:278 - Package: botocore, Version: 1.18.18 found.
2021-01-05 14:36:34.831 - INFO - 30047 - azureml.automl.core.package_utilities._has_versionconflict_or_not_installed:278 - Package: pandas, Version: 0.25.3 found.
2021-01-05 14:36:34.831 - INFO - 30047 - azureml.automl.core.package_utilities._has_versionconflict_or_not_installed:278 - Package: azureml-interpret, Version: 1.19.0 found.
2021-01-05 14:36:34.832 - INFO - 30047 - azureml.automl.core.package_utilities._has_versionconflict_or_not_installed:278 - Package: scipy, Version: 1.5.2 found.
2021-01-05 14:36:34.832 - INFO - 30047 - azureml.automl.core.package_utilities._has_versionconflict_or_not_installed:278 - Package: smart-open, Version: 1.9.0 found.
2021-01-05 14:36:34.832 - INFO - 30047 - azureml.automl.core.package_utilities._has_versionconflict_or_not_installed:278 - Package: azureml-core, Version: 1.19.0 found.
2021-01-05 14:36:34.832 - INFO - 30047 - azureml.automl.core.package_utilities._has_versionconflict_or_not_installed:278 - Package: onnxconverter-common, Version: 1.6.0 found.
2021-01-05 14:36:34.832 - INFO - 30047 - azureml.automl.core.package_utilities._has_versionconflict_or_not_installed:278 - Package: lightgbm, Version: 2.3.0 found.
2021-01-05 14:36:34.832 - INFO - 30047 - azureml.automl.core.package_utilities._has_versionconflict_or_not_installed:278 - Package: onnx, Version: 1.7.0 found.
2021-01-05 14:36:34.832 - INFO - 30047 - azureml.automl.core.package_utilities._has_versionconflict_or_not_installed:278 - Package: azureml-telemetry, Version: 1.19.0 found.
2021-01-05 14:36:34.832 - INFO - 30047 - azureml.automl.core.package_utilities._has_versionconflict_or_not_installed:278 - Package: gensim, Version: 3.8.3 found.
2021-01-05 14:36:34.833 - INFO - 30047 - azureml.automl.core.package_utilities._has_versionconflict_or_not_installed:278 - Package: onnxruntime, Version: 1.3.0 found.
2021-01-05 14:36:34.833 - INFO - 30047 - azureml.automl.core.package_utilities._has_versionconflict_or_not_installed:278 - Package: skl2onnx, Version: 1.4.9 found.
2021-01-05 14:36:34.833 - INFO - 30047 - azureml.automl.core.package_utilities._has_versionconflict_or_not_installed:278 - Package: onnxmltools, Version: 1.4.1 found.
2021-01-05 14:36:34.833 - INFO - 30047 - azureml.automl.core.package_utilities._has_versionconflict_or_not_installed:278 - Package: scikit-learn, Version: 0.22.2.post1 found.
2021-01-05 14:36:34.833 - INFO - 30047 - azureml.automl.core.package_utilities._has_versionconflict_or_not_installed:278 - Package: boto3, Version: 1.15.18 found.
2021-01-05 14:36:34.833 - INFO - 30047 - azureml.automl.core.package_utilities._has_versionconflict_or_not_installed:278 - Package: azureml-automl-runtime, Version: 1.19.0 found.
2021-01-05 14:36:34.833 - INFO - 30047 - azureml.automl.core.package_utilities._has_versionconflict_or_not_installed:278 - Package: azureml-defaults, Version: 1.19.0 found.
2021-01-05 14:36:34.834 - INFO - 30047 - azureml.automl.core.package_utilities._has_versionconflict_or_not_installed:278 - Package: jinja2, Version: 2.11.2 found.
2021-01-05 14:36:34.834 - INFO - 30047 - azureml.automl.core.package_utilities._has_versionconflict_or_not_installed:278 - Package: azure-storage-queue, Version: 12.1.4 found.
2021-01-05 14:36:34.834 - INFO - 30047 - azureml.automl.core.package_utilities._has_versionconflict_or_not_installed:278 - Package: numpy, Version: 1.18.5 found.
2021-01-05 14:36:34.834 - INFO - 30047 - azureml.automl.core.package_utilities._has_versionconflict_or_not_installed:278 - Package: azureml-dataset-runtime, Version: 1.19.0 found.
2021-01-05 14:36:34.834 - INFO - 30047 - azureml.automl.core.package_utilities._has_versionconflict_or_not_installed:278 - Package: statsmodels, Version: 0.10.2 found.
2021-01-05 14:36:34.834 - INFO - 30047 - azureml.automl.core.package_utilities._has_versionconflict_or_not_installed:278 - Package: sklearn-pandas, Version: 1.7.0 found.
2021-01-05 14:36:34.834 - INFO - 30047 - azureml.automl.core.package_utilities._has_versionconflict_or_not_installed:278 - Package: azureml-train-automl-client, Version: 1.19.0 found.
2021-01-05 14:36:34.835 - INFO - 30047 - azureml.automl.core.package_utilities._has_versionconflict_or_not_installed:278 - Package: keras2onnx, Version: 1.6.0 found.
2021-01-05 14:36:34.835 - INFO - 30047 - azureml.automl.core.package_utilities._has_versionconflict_or_not_installed:278 - Package: azureml-automl-core, Version: 1.19.0 found.
2021-01-05 14:36:34.851 - CRITICAL - 30047 - azureml.automl.core.package_utilities.log_traceback:224 - Type: IncompatibleOrMissingDependency
Class: ValidationException
Message: ValidationException:
	Message: Install the required versions of packages using the requirements file. Requirements file location: /anaconda/envs/azureml_py36/lib/python3.6/site-packages/azureml/automl/core/validated_linux_requirements.txt. Alternatively, use remote target to avoid dependency management. 
Package name/Required version/Installed version
azureml-core/pyopenssl<20.0.0/pyOpenSSL 20.0.0
	InnerException: None
	ErrorResponse 
{
    "error": {
        "code": "UserError",
        "message": "Install the required versions of packages using the requirements file. Requirements file location: /anaconda/envs/azureml_py36/lib/python3.6/site-packages/azureml/automl/core/validated_linux_requirements.txt. Alternatively, use remote target to avoid dependency management. \nPackage name/Required version/Installed version\nazureml-core/pyopenssl<20.0.0/pyOpenSSL 20.0.0",
        "target": "azureml-core",
        "inner_error": {
            "code": "NotSupported",
            "inner_error": {
                "code": "IncompatibleOrMissingDependency"
            }
        },
        "reference_code": "435ab938-fd87-49bc-932e-6eec0d6aee4f"
    }
}
Traceback:
  File "telemetry_activity_logger.py", line 57, in _log_activity
    yield
  File "package_utilities.py", line 430, in _get_package_incompatibilities
    validated_requirements_file_path=VALIDATED_REQ_FILE_PATH

ExceptionTarget: azureml-core
2021-01-05 14:36:34.851 - INFO - 30047 - azureml.automl.core.package_utilities._log_activity:92 - ActivityCompleted: Activity=PackagesCheck, HowEnded=Failure, Duration=100.89[ms]
2021-01-05 14:50:20.023 - INFO - 30047 - azureml.train.automl.automlconfig._start_execution:207 - Submitting remote.
2021-01-05 15:59:23.831 - INFO - 30047 - azureml.train.automl.run._log_activity:54 - ActivityStarted: GetOutput
2021-01-05 15:59:23.881 - INFO - 30047 - azureml.train.automl.run._log_activity:54 - ActivityStarted: GetOutput
2021-01-05 15:59:23.889 - INFO - 30047 - azureml.train.automl.run._log_activity:54 - ActivityStarted: GetChildren
2021-01-05 15:59:24.243 - INFO - 30047 - azureml.train.automl.run._log_activity:92 - ActivityCompleted: Activity=GetChildren, HowEnded=Success, Duration=353.34[ms]
2021-01-05 15:59:24.243 - INFO - 30047 - azureml.train.automl.run._log_activity:92 - ActivityCompleted: Activity=GetOutput, HowEnded=Success, Duration=362.53[ms]
2021-01-05 15:59:24.255 - INFO - 30047 - azureml.train.automl._model_download_utilities._log_activity:54 - ActivityStarted: DownloadModel
2021-01-05 15:59:37.987 - INFO - 30047 - azureml.automl.runtime.distributed.utilities.horovod_initialized:58 - Horovod not found in current environment. Distribution via Horovod will be disabled.
2021-01-05 15:59:40.658 - INFO - 30047 - azureml.automl.runtime.featurization.data_transformer._logger_wrapper:81 - Feature sweeping enabled: False
2021-01-05 15:59:40.658 - INFO - 30047 - azureml.automl.runtime.featurization.data_transformer._logger_wrapper:81 - Feature sweeping timeout: 86400
2021-01-05 15:59:40.774 - INFO - 30047 - azureml.train.automl._model_download_utilities._log_activity:92 - ActivityCompleted: Activity=DownloadModel, HowEnded=Success, Duration=16519.54[ms]
2021-01-05 15:59:40.775 - INFO - 30047 - azureml.train.automl.run._log_activity:92 - ActivityCompleted: Activity=GetOutput, HowEnded=Success, Duration=16944.05[ms]
2021-01-05 15:59:45.976 - INFO - 30047 - azureml.train.automl.run._log_activity:54 - ActivityStarted: GetOutput
2021-01-05 15:59:45.998 - INFO - 30047 - azureml.train.automl.run._log_activity:54 - ActivityStarted: GetOutput
2021-01-05 15:59:46.009 - INFO - 30047 - azureml.train.automl.run._log_activity:54 - ActivityStarted: GetChildren
2021-01-05 15:59:47.218 - INFO - 30047 - azureml.train.automl.run._log_activity:92 - ActivityCompleted: Activity=GetChildren, HowEnded=Success, Duration=1209.71[ms]
2021-01-05 15:59:47.218 - INFO - 30047 - azureml.train.automl.run._log_activity:92 - ActivityCompleted: Activity=GetOutput, HowEnded=Success, Duration=1220.1[ms]
2021-01-05 15:59:47.225 - INFO - 30047 - azureml.train.automl._model_download_utilities._log_activity:54 - ActivityStarted: DownloadModel
2021-01-05 15:59:47.891 - INFO - 30047 - azureml.automl.runtime.featurization.data_transformer._logger_wrapper:81 - Feature sweeping enabled: False
2021-01-05 15:59:47.892 - INFO - 30047 - azureml.automl.runtime.featurization.data_transformer._logger_wrapper:81 - Feature sweeping timeout: 86400
2021-01-05 15:59:47.948 - INFO - 30047 - azureml.train.automl._model_download_utilities._log_activity:92 - ActivityCompleted: Activity=DownloadModel, HowEnded=Success, Duration=722.96[ms]
2021-01-05 15:59:47.948 - INFO - 30047 - azureml.train.automl.run._log_activity:92 - ActivityCompleted: Activity=GetOutput, HowEnded=Success, Duration=1971.95[ms]
2021-01-05 16:12:33.262 - INFO - 30047 - azureml.train.automl.run._log_activity:54 - ActivityStarted: RegisterModel
2021-01-05 16:12:33.276 - INFO - 30047 - azureml.train.automl.run._log_activity:54 - ActivityStarted: GetChildren
2021-01-05 16:12:33.477 - INFO - 30047 - azureml.train.automl.run._log_activity:92 - ActivityCompleted: Activity=GetChildren, HowEnded=Success, Duration=200.92[ms]
2021-01-05 16:12:34.195 - INFO - 30047 - azureml.train.automl.run._log_activity:92 - ActivityCompleted: Activity=RegisterModel, HowEnded=Success, Duration=933.89[ms]
