2021-01-05 14:50:20.843 - INFO - 30047 - azureml.train.automl._azureautomlclient.modify_run_configuration:199 - Package azureml-train-automl missing from dependencies file.
2021-01-05 14:50:20.844 - INFO - 30047 - azureml.train.automl._azureautomlclient.modify_run_configuration:205 - Using pinned version: azureml-train-automl==1.19.0.*
2021-01-05 14:50:20.844 - INFO - 30047 - azureml.train.automl._azureautomlclient.modify_run_configuration:199 - Package pandas missing from dependencies file.
2021-01-05 14:50:20.845 - INFO - 30047 - azureml.train.automl._azureautomlclient.modify_run_configuration:205 - Using pinned version: pandas==0.25.1
2021-01-05 14:50:20.845 - INFO - 30047 - azureml.train.automl._azureautomlclient.modify_run_configuration:199 - Package psutil missing from dependencies file.
2021-01-05 14:50:20.846 - INFO - 30047 - azureml.train.automl._azureautomlclient.modify_run_configuration:205 - Using pinned version: psutil>5.0.0,<6.0.0
2021-01-05 14:50:20.847 - INFO - 30047 - azureml.train.automl._azureautomlclient.modify_run_configuration:199 - Package scikit-learn missing from dependencies file.
2021-01-05 14:50:20.847 - INFO - 30047 - azureml.train.automl._azureautomlclient.modify_run_configuration:205 - Using pinned version: scikit-learn==0.22.1
2021-01-05 14:50:20.847 - INFO - 30047 - azureml.train.automl._azureautomlclient.modify_run_configuration:199 - Package numpy missing from dependencies file.
2021-01-05 14:50:20.847 - INFO - 30047 - azureml.train.automl._azureautomlclient.modify_run_configuration:205 - Using pinned version: numpy~=1.18.0
2021-01-05 14:50:20.848 - INFO - 30047 - azureml.train.automl._azureautomlclient.modify_run_configuration:199 - Package py-xgboost missing from dependencies file.
2021-01-05 14:50:20.848 - INFO - 30047 - azureml.train.automl._azureautomlclient.modify_run_configuration:205 - Using pinned version: py-xgboost<=0.90
2021-01-05 14:50:20.849 - INFO - 30047 - azureml.train.automl._azureautomlclient.modify_run_configuration:199 - Package inference-schema missing from dependencies file.
2021-01-05 14:50:20.849 - INFO - 30047 - azureml.train.automl._azureautomlclient.modify_run_configuration:199 - Package fbprophet missing from dependencies file.
2021-01-05 14:50:20.849 - INFO - 30047 - azureml.train.automl._azureautomlclient.modify_run_configuration:205 - Using pinned version: fbprophet==0.5
2021-01-05 14:50:20.849 - INFO - 30047 - azureml.train.automl._azureautomlclient.modify_run_configuration:199 - Package setuptools-git missing from dependencies file.
2021-01-05 14:50:20.849 - INFO - 30047 - azureml.train.automl._azureautomlclient.modify_run_configuration:209 - Using installed version: setuptools-git==1.2
2021-01-05 14:50:20.864 - INFO - 30047 - azureml.train.automl._azureautomlclient._validate_input:663 - Start data validation.
2021-01-05 14:50:23.147 - INFO - 30047 - azureml.train.automl._azureautomlclient._validate_input:676 - Validation service found the data has no errors.
2021-01-05 14:50:23.148 - INFO - 30047 - azureml.train.automl._azureautomlclient._create_parent_run_for_remote:541 - Start creating parent run.
2021-01-05 14:50:23.482 - INFO - 30047 - azureml.train.automl._azureautomlclient._create_parent_run_for_remote:561 - [ParentRunID:AutoML_0ca672e4-a7eb-4ea1-8708-3831d6426aeb] Remote run using input X and y.
2021-01-05 14:50:23.571 - INFO - 30047 - azureml.train.automl._azureautomlclient._create_parent_run_for_remote:574 - Parent Run ID: AutoML_0ca672e4-a7eb-4ea1-8708-3831d6426aeb
2021-01-05 14:50:23.572 - INFO - 30047 - azureml.train.automl._azureautomlclient._fit_remote_core:502 - Starting a snapshot run (snapshot_id : None)
